<?xml version="1.0" encoding="UTF-8"?>
<!-- Generated by org.testng.reporters.JUnitXMLReporter -->
<testsuite ignored="2" hostname="ZainaHammouri" failures="0" tests="12" name="Default test" time="45.654" errors="0" timestamp="2026-01-11T16:43:28 EET">
  <testcase classname="automationteststorewebsiteTests.MyTests" name="HomepageAccessibilityTest" time="0.03"/>
  <testcase classname="automationteststorewebsiteTests.MyTests" name="UserRegistrationTest" time="9.217"/>
  <testcase classname="automationteststorewebsiteTests.MyTests" name="LogOutTest" time="2.809"/>
  <testcase classname="automationteststorewebsiteTests.MyTests" name="UserLoginTest" time="2.044"/>
  <testcase classname="automationteststorewebsiteTests.MyTests" name="ProductSearchTest" time="0.772"/>
  <testcase classname="automationteststorewebsiteTests.MyTests" name="FilteringSearchResultsTest" time="0.75"/>
  <testcase classname="automationteststorewebsiteTests.MyTests" name="AddingProductstoCartTest" time="12.827"/>
  <testcase classname="automationteststorewebsiteTests.MyTests" name="ViewingAndModifyingtheShoppingCart" time="1.437"/>
  <testcase classname="automationteststorewebsiteTests.MyTests" name="CheckOutTest" time="4.847"/>
  <testcase classname="automationteststorewebsiteTests.MyTests" name="ViewingOrderHistory" time="0.973"/>
  <testcase classname="automationteststorewebsiteTests.MyTests" name="ManagingAccountInformationTest" time="6.302"/>
  <testcase classname="automationteststorewebsiteTests.MyTests" name="NewsletterSubscriptionTest" time="1.022"/>
  <testcase classname="automationteststorewebsiteTests.MyTests" name="ViewingProductDetailsTest" time="0.0">
    <ignored/>
  </testcase> <!-- ViewingProductDetailsTest -->
  <testcase classname="automationteststorewebsiteTests.MyTests" name="SubmittingProductReviewsTest" time="0.0">
    <ignored/>
  </testcase> <!-- SubmittingProductReviewsTest -->
</testsuite> <!-- Default test -->
