<?xml version="1.0" encoding="UTF-8"?>
<!-- Generated by org.testng.reporters.JUnitXMLReporter -->
<testsuite ignored="2" hostname="ZainaHammouri" failures="0" tests="12" name="Default test" time="78.647" errors="0" timestamp="2026-01-12T12:31:01 EET">
  <testcase classname="automationteststorewebsiteTests.MyTests" name="HomepageAccessibilityTest" time="0.029"/>
  <testcase classname="automationteststorewebsiteTests.MyTests" name="UserRegistrationTest" time="21.902"/>
  <testcase classname="automationteststorewebsiteTests.MyTests" name="LogOutTest" time="2.956"/>
  <testcase classname="automationteststorewebsiteTests.MyTests" name="UserLoginTest" time="2.345"/>
  <testcase classname="automationteststorewebsiteTests.MyTests" name="ProductSearchTest" time="0.962"/>
  <testcase classname="automationteststorewebsiteTests.MyTests" name="FilteringSearchResultsTest" time="4.128"/>
  <testcase classname="automationteststorewebsiteTests.MyTests" name="AddingProductstoCartTest" time="13.265"/>
  <testcase classname="automationteststorewebsiteTests.MyTests" name="ViewingAndModifyingtheShoppingCart" time="5.083"/>
  <testcase classname="automationteststorewebsiteTests.MyTests" name="CheckOutTest" time="6.742"/>
  <testcase classname="automationteststorewebsiteTests.MyTests" name="ViewingOrderHistory" time="1.526"/>
  <testcase classname="automationteststorewebsiteTests.MyTests" name="ManagingAccountInformationTest" time="8.831"/>
  <testcase classname="automationteststorewebsiteTests.MyTests" name="NewsletterSubscriptionTest" time="7.292"/>
  <testcase classname="automationteststorewebsiteTests.MyTests" name="ViewingProductDetailsTest" time="0.0">
    <ignored/>
  </testcase> <!-- ViewingProductDetailsTest -->
  <testcase classname="automationteststorewebsiteTests.MyTests" name="SubmittingProductReviewsTest" time="0.0">
    <ignored/>
  </testcase> <!-- SubmittingProductReviewsTest -->
</testsuite> <!-- Default test -->
