<?xml version="1.0" encoding="UTF-8"?>
<testng-results ignored="2" total="14" passed="12" failed="0" skipped="0">
  <reporter-output>
  </reporter-output>
  <suite started-at="2026-01-11T16:42:42 EET" name="Default suite" finished-at="2026-01-11T16:43:28 EET" duration-ms="45654">
    <groups>
    </groups>
    <test started-at="2026-01-11T16:42:42 EET" name="Default test" finished-at="2026-01-11T16:43:28 EET" duration-ms="45654">
      <class name="automationteststorewebsiteTests.MyTests">
        <test-method is-config="true" signature="SetUp()[pri:0, instance:automationteststorewebsiteTests.MyTests@7ca33c24]" started-at="2026-01-11T16:42:42 EET" name="SetUp" finished-at="2026-01-11T16:42:45 EET" duration-ms="2546" status="PASS">
          <reporter-output>
          </reporter-output>
        </test-method> <!-- SetUp -->
        <test-method signature="HomepageAccessibilityTest()[pri:1, instance:automationteststorewebsiteTests.MyTests@7ca33c24]" started-at="2026-01-11T16:42:45 EET" name="HomepageAccessibilityTest" finished-at="2026-01-11T16:42:45 EET" duration-ms="30" status="PASS">
          <reporter-output>
          </reporter-output>
        </test-method> <!-- HomepageAccessibilityTest -->
        <test-method signature="UserRegistrationTest()[pri:2, instance:automationteststorewebsiteTests.MyTests@7ca33c24]" started-at="2026-01-11T16:42:45 EET" name="UserRegistrationTest" finished-at="2026-01-11T16:42:54 EET" duration-ms="9217" status="PASS">
          <reporter-output>
          </reporter-output>
        </test-method> <!-- UserRegistrationTest -->
        <test-method signature="LogOutTest()[pri:3, instance:automationteststorewebsiteTests.MyTests@7ca33c24]" started-at="2026-01-11T16:42:54 EET" name="LogOutTest" finished-at="2026-01-11T16:42:57 EET" duration-ms="2809" status="PASS">
          <reporter-output>
          </reporter-output>
        </test-method> <!-- LogOutTest -->
        <test-method signature="UserLoginTest()[pri:4, instance:automationteststorewebsiteTests.MyTests@7ca33c24]" started-at="2026-01-11T16:42:57 EET" name="UserLoginTest" finished-at="2026-01-11T16:42:59 EET" duration-ms="2044" status="PASS">
          <reporter-output>
          </reporter-output>
        </test-method> <!-- UserLoginTest -->
        <test-method signature="ProductSearchTest()[pri:5, instance:automationteststorewebsiteTests.MyTests@7ca33c24]" started-at="2026-01-11T16:42:59 EET" name="ProductSearchTest" finished-at="2026-01-11T16:43:00 EET" duration-ms="772" status="PASS">
          <reporter-output>
          </reporter-output>
        </test-method> <!-- ProductSearchTest -->
        <test-method signature="FilteringSearchResultsTest()[pri:6, instance:automationteststorewebsiteTests.MyTests@7ca33c24]" started-at="2026-01-11T16:43:00 EET" name="FilteringSearchResultsTest" finished-at="2026-01-11T16:43:00 EET" duration-ms="750" status="PASS">
          <reporter-output>
          </reporter-output>
        </test-method> <!-- FilteringSearchResultsTest -->
        <test-method signature="AddingProductstoCartTest()[pri:8, instance:automationteststorewebsiteTests.MyTests@7ca33c24]" started-at="2026-01-11T16:43:00 EET" name="AddingProductstoCartTest" finished-at="2026-01-11T16:43:13 EET" duration-ms="12827" status="PASS">
          <reporter-output>
          </reporter-output>
        </test-method> <!-- AddingProductstoCartTest -->
        <test-method signature="ViewingAndModifyingtheShoppingCart()[pri:9, instance:automationteststorewebsiteTests.MyTests@7ca33c24]" started-at="2026-01-11T16:43:13 EET" name="ViewingAndModifyingtheShoppingCart" finished-at="2026-01-11T16:43:15 EET" duration-ms="1437" status="PASS">
          <reporter-output>
          </reporter-output>
        </test-method> <!-- ViewingAndModifyingtheShoppingCart -->
        <test-method signature="CheckOutTest()[pri:10, instance:automationteststorewebsiteTests.MyTests@7ca33c24]" started-at="2026-01-11T16:43:15 EET" name="CheckOutTest" finished-at="2026-01-11T16:43:20 EET" duration-ms="4847" status="PASS">
          <reporter-output>
          </reporter-output>
        </test-method> <!-- CheckOutTest -->
        <test-method signature="ViewingOrderHistory()[pri:11, instance:automationteststorewebsiteTests.MyTests@7ca33c24]" started-at="2026-01-11T16:43:20 EET" name="ViewingOrderHistory" finished-at="2026-01-11T16:43:21 EET" duration-ms="973" status="PASS">
          <reporter-output>
          </reporter-output>
        </test-method> <!-- ViewingOrderHistory -->
        <test-method signature="ManagingAccountInformationTest()[pri:12, instance:automationteststorewebsiteTests.MyTests@7ca33c24]" started-at="2026-01-11T16:43:21 EET" name="ManagingAccountInformationTest" finished-at="2026-01-11T16:43:27 EET" duration-ms="6302" status="PASS">
          <reporter-output>
          </reporter-output>
        </test-method> <!-- ManagingAccountInformationTest -->
        <test-method signature="NewsletterSubscriptionTest()[pri:14, instance:automationteststorewebsiteTests.MyTests@7ca33c24]" started-at="2026-01-11T16:43:27 EET" name="NewsletterSubscriptionTest" finished-at="2026-01-11T16:43:28 EET" duration-ms="1022" status="PASS">
          <reporter-output>
          </reporter-output>
        </test-method> <!-- NewsletterSubscriptionTest -->
        <test-method is-config="true" signature="afterfinishtheTest()[pri:0, instance:automationteststorewebsiteTests.MyTests@7ca33c24]" started-at="2026-01-11T16:43:28 EET" name="afterfinishtheTest" finished-at="2026-01-11T16:43:28 EET" duration-ms="0" status="PASS">
          <reporter-output>
          </reporter-output>
        </test-method> <!-- afterfinishtheTest -->
      </class> <!-- automationteststorewebsiteTests.MyTests -->
    </test> <!-- Default test -->
  </suite> <!-- Default suite -->
</testng-results>
