<?xml version="1.0" encoding="UTF-8"?>
<!-- Generated by org.testng.reporters.JUnitReportReporter -->
<testsuite hostname="ZainaHammouri" failures="0" tests="14" name="automationteststorewebsiteTests.MyTests" time="43.030" errors="0" timestamp="2026-01-11T16:43:28 EET" skipped="2">
  <testcase classname="automationteststorewebsiteTests.MyTests" name="HomepageAccessibilityTest" time="0.030"/>
  <testcase classname="automationteststorewebsiteTests.MyTests" name="UserRegistrationTest" time="9.217"/>
  <testcase classname="automationteststorewebsiteTests.MyTests" name="LogOutTest" time="2.809"/>
  <testcase classname="automationteststorewebsiteTests.MyTests" name="UserLoginTest" time="2.044"/>
  <testcase classname="automationteststorewebsiteTests.MyTests" name="ProductSearchTest" time="0.772"/>
  <testcase classname="automationteststorewebsiteTests.MyTests" name="FilteringSearchResultsTest" time="0.750"/>
  <testcase classname="automationteststorewebsiteTests.MyTests" name="AddingProductstoCartTest" time="12.827"/>
  <testcase classname="automationteststorewebsiteTests.MyTests" name="ViewingAndModifyingtheShoppingCart" time="1.437"/>
  <testcase classname="automationteststorewebsiteTests.MyTests" name="CheckOutTest" time="4.847"/>
  <testcase classname="automationteststorewebsiteTests.MyTests" name="ViewingOrderHistory" time="0.973"/>
  <testcase classname="automationteststorewebsiteTests.MyTests" name="ManagingAccountInformationTest" time="6.302"/>
  <testcase classname="automationteststorewebsiteTests.MyTests" name="NewsletterSubscriptionTest" time="1.022"/>
  <testcase classname="automationteststorewebsiteTests.MyTests" name="ViewingProductDetailsTest">
    <skipped/>
  </testcase> <!-- ViewingProductDetailsTest -->
  <testcase classname="automationteststorewebsiteTests.MyTests" name="SubmittingProductReviewsTest">
    <skipped/>
  </testcase> <!-- SubmittingProductReviewsTest -->
</testsuite> <!-- automationteststorewebsiteTests.MyTests -->
