<?xml version="1.0" encoding="UTF-8"?>
<!-- Generated by org.testng.reporters.JUnitReportReporter -->
<testsuite hostname="ZainaHammouri" failures="0" tests="14" name="automationteststorewebsiteTests.MyTests" time="75.061" errors="0" timestamp="2026-01-12T12:31:01 EET" skipped="2">
  <testcase classname="automationteststorewebsiteTests.MyTests" name="HomepageAccessibilityTest" time="0.029"/>
  <testcase classname="automationteststorewebsiteTests.MyTests" name="UserRegistrationTest" time="21.902"/>
  <testcase classname="automationteststorewebsiteTests.MyTests" name="LogOutTest" time="2.956"/>
  <testcase classname="automationteststorewebsiteTests.MyTests" name="UserLoginTest" time="2.345"/>
  <testcase classname="automationteststorewebsiteTests.MyTests" name="ProductSearchTest" time="0.962"/>
  <testcase classname="automationteststorewebsiteTests.MyTests" name="FilteringSearchResultsTest" time="4.128"/>
  <testcase classname="automationteststorewebsiteTests.MyTests" name="AddingProductstoCartTest" time="13.265"/>
  <testcase classname="automationteststorewebsiteTests.MyTests" name="ViewingAndModifyingtheShoppingCart" time="5.083"/>
  <testcase classname="automationteststorewebsiteTests.MyTests" name="CheckOutTest" time="6.742"/>
  <testcase classname="automationteststorewebsiteTests.MyTests" name="ViewingOrderHistory" time="1.526"/>
  <testcase classname="automationteststorewebsiteTests.MyTests" name="ManagingAccountInformationTest" time="8.831"/>
  <testcase classname="automationteststorewebsiteTests.MyTests" name="NewsletterSubscriptionTest" time="7.292"/>
  <testcase classname="automationteststorewebsiteTests.MyTests" name="ViewingProductDetailsTest">
    <skipped/>
  </testcase> <!-- ViewingProductDetailsTest -->
  <testcase classname="automationteststorewebsiteTests.MyTests" name="SubmittingProductReviewsTest">
    <skipped/>
  </testcase> <!-- SubmittingProductReviewsTest -->
</testsuite> <!-- automationteststorewebsiteTests.MyTests -->
